<?xml version="1.0" encoding="UTF-8"?>
<testsuite xmlns:xsi="http://www.w3.org/2001/XMLSchema-instance" xsi:noNamespaceSchemaLocation="https://maven.apache.org/surefire/maven-surefire-plugin/xsd/surefire-test-report.xsd" name="com.digicamp.DigiCampApplicationTests" time="9.768" tests="4" errors="0" skipped="0" failures="0">
  <properties>
[...]
</properties>
  <testcase name="getNotCollectedItemsTest" classname="com.digicamp.DigiCampApplicationTests" time="0.236"/>
  <testcase name="addItemTest" classname="com.digicamp.DigiCampApplicationTests" time="0.136"/>
  <testcase name="contextLoads" classname="com.digicamp.DigiCampApplicationTests" time="0.006"/>
  <testcase name="getAllPackagesTest" classname="com.digicamp.DigiCampApplicationTests" time="0.047"/>
</testsuite>